[04:49:07] [main/INFO]: Setting user: Player437
[04:49:09] [Client thread/INFO]: LWJGL Version: 2.9.1
[04:49:16] [Client thread/INFO]: Reloading ResourceManager: Default, FMLFileResourcePack:Forge Mod Loader, FMLFileResourcePack:Minecraft Forge, FMLFileResourcePack:Cool
[04:49:17] [Sound Library Loader/INFO]: Sound engine started
[04:49:18] [Client thread/INFO]: Created: 512x256 textures/blocks-atlas
[04:49:18] [Client thread/INFO]: Created: 256x256 textures/items-atlas
[04:49:18] [Client thread/INFO]: Reloading ResourceManager: Default, FMLFileResourcePack:Forge Mod Loader, FMLFileResourcePack:Minecraft Forge, FMLFileResourcePack:Cool
[04:49:19] [Client thread/INFO]: Created: 512x256 textures/blocks-atlas
[04:49:19] [Client thread/INFO]: Created: 256x256 textures/items-atlas
[04:49:20] [Sound Library Loader/INFO]: Sound engine started
[04:49:23] [Server thread/INFO]: Starting integrated minecraft server version 1.7.10
[04:49:23] [Server thread/INFO]: Generating keypair
[04:49:24] [Server thread/INFO]: Preparing start region for level 0
[04:49:25] [Server thread/INFO]: Preparing spawn area: 50%
[04:49:25] [Server thread/INFO]: Changing view distance to 12, from 10
[04:49:28] [Server thread/INFO]: Stopping server
[04:49:28] [Server thread/INFO]: Saving players
[04:49:28] [Server thread/INFO]: Saving worlds
[04:49:28] [Server thread/INFO]: Saving chunks for level 'New World'/Overworld
[04:49:28] [Server thread/INFO]: Saving chunks for level 'New World'/Nether
[04:49:28] [Server thread/INFO]: Saving chunks for level 'New World'/The End
[04:49:29] [Server thread/INFO]: Starting integrated minecraft server version 1.7.10
[04:49:29] [Server thread/INFO]: Generating keypair
[04:49:29] [Server thread/INFO]: Preparing start region for level 0
[04:49:30] [Server thread/INFO]: Changing view distance to 12, from 10
[04:49:30] [Server thread/INFO]: Player437[local:E:f60446d1] logged in with entity id 892 at (63.34812462049756, 103.0, 307.57249438560257)
[04:49:30] [Server thread/INFO]: Player437 joined the game
[04:49:31] [Server thread/INFO]: Saving and pausing game...
[04:49:31] [Server thread/INFO]: Saving chunks for level 'New World'/Overworld
[04:49:31] [Server thread/INFO]: Saving chunks for level 'New World'/Nether
[04:49:31] [Server thread/INFO]: Saving chunks for level 'New World'/The End
[04:51:01] [Server thread/INFO]: Saving and pausing game...
[04:51:01] [Server thread/INFO]: Saving chunks for level 'New World'/Overworld
[04:51:01] [Server thread/INFO]: Saving chunks for level 'New World'/Nether
[04:51:01] [Server thread/INFO]: Saving chunks for level 'New World'/The End
[04:51:35] [Server thread/INFO]: Stopping server
[04:51:35] [Server thread/INFO]: Saving players
[04:51:35] [Server thread/INFO]: Saving worlds
[04:51:35] [Server thread/INFO]: Saving chunks for level 'New World'/Overworld
[04:51:35] [Server thread/INFO]: Saving chunks for level 'New World'/Nether
[04:51:35] [Server thread/INFO]: Saving chunks for level 'New World'/The End
[04:51:36] [Client thread/INFO]: Stopping!
